2025-05-17T15:31:27.524Z info: 
      Server is running in undefined on port undefined
2025-05-17T15:31:58.478Z info: Server is running in undefined on port undefined
2025-05-17T15:32:04.897Z info: Server is running in undefined on port undefined
2025-05-17T15:32:06.462Z info: Server is running in undefined on port undefined
2025-05-17T15:32:39.187Z info: Server is running in undefined on port undefined
2025-05-17T15:32:42.056Z info: Server is running in undefined on port undefined
2025-05-17T15:32:44.629Z info: Server is running in undefined on port undefined
2025-05-17T15:33:00.739Z info: Server is running in undefined on port undefined
2025-05-17T15:33:02.323Z info: Server is running in undefined on port undefined
2025-05-17T15:33:04.343Z info: Server is running in undefined on port undefined
2025-05-17T15:33:06.186Z info: Server is running in undefined on port undefined
2025-05-17T15:33:12.587Z info: Server is running in undefined on port undefined
2025-05-17T15:33:14.423Z info: Server is running in undefined on port undefined
2025-05-17T15:33:15.824Z info: Server is running in undefined on port undefined
2025-05-17T15:33:18.510Z info: Server is running in undefined on port undefined
2025-05-17T15:33:19.614Z info: Server is running in undefined on port undefined
2025-05-17T15:33:27.314Z info: Server is running in undefined on port undefined
2025-05-17T15:33:37.570Z info: Server is running in undefined on port undefined
2025-05-17T15:33:45.564Z info: Server is running in undefined on port undefined
2025-05-17T15:33:47.348Z info: Server is running in undefined on port undefined
2025-05-17T15:34:08.195Z info: Server is running in undefined on port undefined
2025-05-17T15:34:12.520Z info: Server is running in undefined on port undefined
2025-05-17T15:34:14.349Z info: Server is running in development on port 5000
2025-05-17T15:34:38.239Z info: Server is running in undefined on port undefined
2025-05-17T15:34:40.030Z info: Server is running in undefined on port undefined
2025-05-17T15:34:44.273Z info: Server is running in undefined on port undefined
2025-05-17T15:34:49.701Z info: Server is running in undefined on port undefined
2025-05-17T15:34:53.861Z info: Server is running in undefined on port undefined
2025-05-17T15:34:59.548Z info: Server is running in undefined on port undefined
2025-05-17T15:35:04.132Z info: Server is running in undefined on port undefined
2025-05-17T15:35:14.685Z info: Server is running in undefined on port undefined
2025-05-17T15:35:15.982Z info: Server is running in undefined on port undefined
2025-05-17T15:35:20.158Z info: Server is running in development on port 5000
2025-05-17T15:35:22.687Z info: Server is running in development on port 5000
2025-05-17T15:36:56.663Z info: Server is running in undefined on port undefined
2025-05-17T15:36:57.893Z info: Server is running in undefined on port undefined
2025-05-17T15:36:59.156Z info: Server is running in undefined on port undefined
2025-05-17T15:37:03.363Z info: Server is running in undefined on port undefined
2025-05-17T15:37:11.945Z info: Server is running in undefined on port undefined
2025-05-17T15:37:15.291Z info: Server is running in undefined on port undefined
2025-05-17T15:37:17.346Z info: Server is running in undefined on port undefined
2025-05-17T15:37:19.131Z info: Server is running in undefined on port undefined
2025-05-17T15:37:21.115Z info: Server is running in undefined on port undefined
2025-05-17T15:37:24.644Z info: Server is running in undefined on port undefined
2025-05-17T15:37:27.662Z info: Server is running in undefined on port undefined
2025-05-17T15:37:28.886Z info: Server is running in undefined on port undefined
2025-05-17T15:37:30.200Z info: Server is running in undefined on port undefined
2025-05-17T15:37:49.137Z info: Server is running in undefined on port undefined
2025-05-17T15:37:54.364Z info: Server is running in undefined on port undefined
2025-05-17T15:38:02.467Z info: Server is running in undefined on port undefined
2025-05-17T15:38:03.533Z info: Server is running in undefined on port undefined
2025-05-17T15:38:12.391Z info: Server is running in undefined on port undefined
2025-05-17T15:38:28.369Z info: Server is running in undefined on port undefined
2025-05-17T15:38:33.324Z info: Server is running in undefined on port undefined
2025-05-17T15:38:37.849Z info: Server is running in undefined on port undefined
2025-05-17T15:38:41.777Z info: Server is running in undefined on port undefined
2025-05-17T15:38:45.731Z info: Server is running in undefined on port undefined
2025-05-17T15:38:47.183Z info: Server is running in undefined on port undefined
2025-05-17T15:38:49.185Z info: Server is running in undefined on port undefined
2025-05-17T15:38:53.750Z info: Server is running in undefined on port undefined
2025-05-17T15:38:55.868Z info: Server is running in undefined on port undefined
2025-05-17T15:39:02.730Z info: Server is running in undefined on port undefined
2025-05-17T15:39:04.381Z info: Server is running in undefined on port undefined
2025-05-17T15:39:10.132Z info: Server is running in undefined on port undefined
2025-05-17T15:39:11.588Z info: Server is running in undefined on port undefined
2025-05-17T15:39:14.757Z info: Server is running in undefined on port undefined
2025-05-17T15:39:40.920Z info: Server is running in undefined on port undefined
2025-05-17T15:39:42.711Z info: Server is running in undefined on port undefined
2025-05-17T15:40:25.352Z info: Server is running in undefined on port undefined
2025-05-17T15:40:31.926Z info: Server is running in undefined on port undefined
2025-05-17T15:40:33.688Z info: Server is running in undefined on port undefined
2025-05-17T15:40:45.848Z info: Server is running in undefined on port undefined
2025-05-17T15:40:47.317Z info: Server is running in undefined on port undefined
2025-05-17T15:40:48.682Z info: Server is running in undefined on port undefined
2025-05-17T15:40:49.634Z info: Server is running in undefined on port undefined
2025-05-17T15:40:51.363Z info: Server is running in undefined on port undefined
2025-05-17T15:40:53.191Z info: Server is running in development on port 5000
2025-05-17T15:41:02.677Z info: Server is running in development on port 5000
2025-05-17T15:41:46.630Z info: Server is running in development on port 5000
2025-05-17T15:41:48.609Z info: Server is running in development on port 5000
2025-05-17T15:42:24.394Z info: Server running in development mode on port 5000
2025-05-17T15:42:26.440Z info: Server running in development mode on port 5000
2025-05-17T15:43:27.787Z info: Server running in development mode on port 5000
2025-05-17T15:46:56.486Z info: SIGINT received. Shutting down gracefully
